Using pre-set license
Built from '2022.3/staging' branch; Version is '2022.3.6f1 (b9e6e7e9fa2d) revision 12183271'; Using compiler version '192829333'; Build Type 'Release'
OS: 'Windows 11  (10.0.22621) 64bit Professional' Language: 'en' Physical Memory: 32601 MB
BatchMode: 1, IsHumanControllingUs: 0, StartBugReporterOnCrash: 0, Is64bit: 1, IsPro: 1

COMMAND LINE ARGUMENTS:
D:\Program Files\Unity 2022.3.6f1\Editor\Unity.exe
-adb2
-batchMode
-noUpm
-name
AssetImportWorker0
-projectPath
D:/KULIAH/Game Programming/Project/TUBES
-logFile
Logs/AssetImportWorker0.log
-srvPort
57323
Successfully changed project path to: D:/KULIAH/Game Programming/Project/TUBES
D:/KULIAH/Game Programming/Project/TUBES
[UnityMemory] Configuration Parameters - Can be set up in boot.config
    "memorysetup-bucket-allocator-granularity=16"
    "memorysetup-bucket-allocator-bucket-count=8"
    "memorysetup-bucket-allocator-block-size=33554432"
    "memorysetup-bucket-allocator-block-count=8"
    "memorysetup-main-allocator-block-size=16777216"
    "memorysetup-thread-allocator-block-size=16777216"
    "memorysetup-gfx-main-allocator-block-size=16777216"
    "memorysetup-gfx-thread-allocator-block-size=16777216"
    "memorysetup-cache-allocator-block-size=4194304"
    "memorysetup-typetree-allocator-block-size=2097152"
    "memorysetup-profiler-bucket-allocator-granularity=16"
    "memorysetup-profiler-bucket-allocator-bucket-count=8"
    "memorysetup-profiler-bucket-allocator-block-size=33554432"
    "memorysetup-profiler-bucket-allocator-block-count=8"
    "memorysetup-profiler-allocator-block-size=16777216"
    "memorysetup-profiler-editor-allocator-block-size=1048576"
    "memorysetup-temp-allocator-size-main=16777216"
    "memorysetup-job-temp-allocator-block-size=2097152"
    "memorysetup-job-temp-allocator-block-size-background=1048576"
    "memorysetup-job-temp-allocator-reduction-small-platforms=262144"
    "memorysetup-allocator-temp-initial-block-size-main=262144"
    "memorysetup-allocator-temp-initial-block-size-worker=262144"
    "memorysetup-temp-allocator-size-background-worker=32768"
    "memorysetup-temp-allocator-size-job-worker=262144"
    "memorysetup-temp-allocator-size-preload-manager=33554432"
    "memorysetup-temp-allocator-size-nav-mesh-worker=65536"
    "memorysetup-temp-allocator-size-audio-worker=65536"
    "memorysetup-temp-allocator-size-cloud-worker=32768"
    "memorysetup-temp-allocator-size-gi-baking-worker=262144"
    "memorysetup-temp-allocator-size-gfx=262144"
Player connection [16268] Host "[IP] 192.168.56.1 [Port] 0 [Flags] 2 [Guid] 3562736026 [EditorId] 3562736026 [Version] 1048832 [Id] WindowsEditor(7,Khumaira) [Debug] 1 [PackageName] WindowsEditor [ProjectName] Editor" joined multi-casting on [225.0.0.222:54997]...

Player connection [16268] Host "[IP] 192.168.56.1 [Port] 0 [Flags] 2 [Guid] 3562736026 [EditorId] 3562736026 [Version] 1048832 [Id] WindowsEditor(7,Khumaira) [Debug] 1 [PackageName] WindowsEditor [ProjectName] Editor" joined alternative multi-casting on [225.0.0.222:34997]...

Refreshing native plugins compatible for Editor in 3910.38 ms, found 4 plugins.
Preloading 0 native plugins for Editor in 0.00 ms.
Initialize engine version: 2022.3.6f1 (b9e6e7e9fa2d)
[Subsystems] Discovering subsystems at path D:/Program Files/Unity 2022.3.6f1/Editor/Data/Resources/UnitySubsystems
[Subsystems] Discovering subsystems at path D:/KULIAH/Game Programming/Project/TUBES/Assets
GfxDevice: creating device client; threaded=0; jobified=0
Direct3D:
    Version:  Direct3D 11.0 [level 11.1]
    Renderer: Intel(R) UHD Graphics 620 (ID=0x5917)
    Vendor:   Intel
    VRAM:     16300 MB
    Driver:   31.0.101.2134
Initialize mono
Mono path[0] = 'D:/Program Files/Unity 2022.3.6f1/Editor/Data/Managed'
Mono path[1] = 'D:/Program Files/Unity 2022.3.6f1/Editor/Data/MonoBleedingEdge/lib/mono/unityjit-win32'
Mono config path = 'D:/Program Files/Unity 2022.3.6f1/Editor/Data/MonoBleedingEdge/etc'
Using monoOptions --debugger-agent=transport=dt_socket,embedding=1,server=y,suspend=n,address=127.0.0.1:56876
Begin MonoManager ReloadAssembly
Registering precompiled unity dll's ...
Register platform support module: D:/Program Files/Unity 2022.3.6f1/Editor/Data/PlaybackEngines/WindowsStandaloneSupport/UnityEditor.WindowsStandalone.Extensions.dll
Registered in 0.432600 seconds.
- Loaded All Assemblies, in 12.651 seconds
Native extension for WindowsStandalone target not found
Mono: successfully reloaded assembly
- Finished resetting the current domain, in  0.789 seconds
Domain Reload Profiling: 13440ms
	BeginReloadAssembly (8475ms)
		ExecutionOrderSort (0ms)
		DisableScriptedObjects (0ms)
		BackupInstance (0ms)
		ReleaseScriptingObjects (0ms)
		CreateAndSetChildDomain (1ms)
	RebuildCommonClasses (901ms)
	RebuildNativeTypeToScriptingClass (19ms)
	initialDomainReloadingComplete (518ms)
	LoadAllAssembliesAndSetupDomain (2738ms)
		LoadAssemblies (8475ms)
		RebuildTransferFunctionScriptingTraits (0ms)
		AnalyzeDomain (2732ms)
			TypeCache.Refresh (2730ms)
				TypeCache.ScanAssembly (1901ms)
			ScanForSourceGeneratedMonoScriptInfo (0ms)
			ResolveRequiredComponents (1ms)
	FinalizeReload (789ms)
		ReleaseScriptCaches (0ms)
		RebuildScriptCaches (0ms)
		SetupLoadedEditorAssemblies (658ms)
			LogAssemblyErrors (0ms)
			InitializePlatformSupportModulesInManaged (15ms)
			SetLoadedEditorAssemblies (13ms)
			RefreshPlugins (0ms)
			BeforeProcessingInitializeOnLoad (3ms)
			ProcessInitializeOnLoadAttributes (503ms)
			ProcessInitializeOnLoadMethodAttributes (123ms)
			AfterProcessingInitializeOnLoad (0ms)
			EditorAssembliesLoaded (0ms)
		ExecutionOrderSort2 (0ms)
		AwakeInstancesAfterBackupRestoration (0ms)
========================================================================
Worker process is ready to serve import requests
Begin MonoManager ReloadAssembly
Symbol file LoadedFromMemory doesn't match image D:\KULIAH\Game Programming\Project\TUBES\Library\PackageCache\com.unity.visualscripting@1.8.0\Editor\VisualScripting.Core\Dependencies\YamlDotNet\Unity.VisualScripting.YamlDotNet.dll
Symbol file LoadedFromMemory doesn't match image D:\KULIAH\Game Programming\Project\TUBES\Library\PackageCache\com.unity.visualscripting@1.8.0\Editor\VisualScripting.Core\Dependencies\DotNetZip\Unity.VisualScripting.IonicZip.dll
TypeRef ResolutionScope not yet handled (217) for .IMergeView in image D:\KULIAH\Game Programming\Project\TUBES\Library\ScriptAssemblies\Unity.PlasticSCM.Editor.dll
Unloading broken assembly Library/ScriptAssemblies/Unity.PlasticSCM.Editor.dll, this assembly can cause crashes in the runtime
- Loaded All Assemblies, in  9.662 seconds
Refreshing native plugins compatible for Editor in 4.95 ms, found 4 plugins.
Native extension for WindowsStandalone target not found
Mono: successfully reloaded assembly
- Finished resetting the current domain, in  0.465 seconds
Domain Reload Profiling: 10125ms
	BeginReloadAssembly (272ms)
		ExecutionOrderSort (0ms)
		DisableScriptedObjects (9ms)
		BackupInstance (0ms)
		ReleaseScriptingObjects (0ms)
		CreateAndSetChildDomain (30ms)
	RebuildCommonClasses (63ms)
	RebuildNativeTypeToScriptingClass (18ms)
	initialDomainReloadingComplete (65ms)
	LoadAllAssembliesAndSetupDomain (9241ms)
		LoadAssemblies (8914ms)
		RebuildTransferFunctionScriptingTraits (0ms)
		AnalyzeDomain (457ms)
			TypeCache.Refresh (435ms)
				TypeCache.ScanAssembly (423ms)
			ScanForSourceGeneratedMonoScriptInfo (17ms)
			ResolveRequiredComponents (4ms)
	FinalizeReload (465ms)
		ReleaseScriptCaches (0ms)
		RebuildScriptCaches (0ms)
		SetupLoadedEditorAssemblies (290ms)
			LogAssemblyErrors (0ms)
			InitializePlatformSupportModulesInManaged (5ms)
			SetLoadedEditorAssemblies (6ms)
			RefreshPlugins (0ms)
			BeforeProcessingInitializeOnLoad (62ms)
			ProcessInitializeOnLoadAttributes (192ms)
			ProcessInitializeOnLoadMethodAttributes (23ms)
			AfterProcessingInitializeOnLoad (3ms)
			EditorAssembliesLoaded (0ms)
		ExecutionOrderSort2 (0ms)
		AwakeInstancesAfterBackupRestoration (9ms)
Launched and connected shader compiler UnityShaderCompiler.exe after 0.10 seconds
Refreshing native plugins compatible for Editor in 5.36 ms, found 4 plugins.
Preloading 0 native plugins for Editor in 0.00 ms.
Unloading 3519 Unused Serialized files (Serialized files now loaded: 0)
Unloading 37 unused Assets / (60.4 KB). Loaded Objects now: 3973.
Memory consumption went from 124.0 MB to 124.0 MB.
Total: 4.056800 ms (FindLiveObjects: 0.285000 ms CreateObjectMapping: 0.345700 ms MarkObjects: 3.313700 ms  DeleteObjects: 0.111000 ms)

AssetImportParameters requested are different than current active one (requested -> active):
  custom:container-demuxer-ogg: 62fdf1f143b41e24485cea50d1cbac27 -> 
  custom:scripting/precompiled-assembly-types:Unity.PlasticSCM.Editor: 1ef1cb9af7c7d64bd75bd621bba19cd7 -> 
  custom:video-codec-MediaFoundation-h265: 746d11721c4dcdbdad8f713fa42b33f4 -> 
  custom:video-decoder-ogg-theora: a1e56fd34408186e4bbccfd4996cb3dc -> 
  custom:framework-win-MediaFoundation: 216162199b28c13a410421893ffa2e32 -> 
  custom:CustomObjectIndexerAttribute: 756ad292c208cfabdd7b50bc23989ffe -> 
  custom:container-demuxer-webm: 4f35f7cbe854078d1ac9338744f61a02 -> 
  custom:container-muxer-webm: aa71ff27fc2769a1b78a27578f13a17b -> 
  custom:video-decoder-webm-vp8: 9c59270c3fd7afecdb556c50c9e8de78 -> 
  custom:SearchIndexIgnoredProperties: e643bd26f0fe6173181afceb89e7c659 -> 
  custom:AudioImporter_EditorPlatform: d09bf68614088b80899f8185d706f6e7 -> 
  custom:video-encoder-webm-vp8: eb34c28f22e8b96e1ab97ce403110664 -> 
  custom:audio-decoder-ogg-vorbis: bf7c407c2cedff20999df2af8eb42d56 -> 
  custom:audio-encoder-webm-vorbis: bf7c407c2cedff20999df2af8eb42d56 -> 
  custom:scripting/precompiled-assembly-types:unityplastic: c88b43b34128fd408eae2a5e7f1e6a51 -> 77e94f2abcdaa3aa9b67c26e12a2f45d
  custom:scripting/precompiled-assembly-types:Onigwrap:  -> 39f07d0dafb82c63a63f5c12698bfc3c
  custom:scripting/precompiled-assembly-types:TextMateSharp:  -> 902bea8a06822099c02ec064cd3f92f7
  custom:scripting/precompiled-assembly-types:TextMateSharp.Grammars:  -> 60389e8606e605b8f2d197ff1a0f8eff
========================================================================
Received Import Request.
  Time since last request: 10496.048243 seconds.
  path: Assets/Assets/Kamar/Gemini_Generated_Image_67cwgz67cwgz67cw.png
  artifactKey: Guid(f93554a121cd1ce45a80c1bcd252d7ee) Importer(815301076,1909f56bfc062723c751e8b465ee728b)
Start importing Assets/Assets/Kamar/Gemini_Generated_Image_67cwgz67cwgz67cw.png using Guid(f93554a121cd1ce45a80c1bcd252d7ee) Importer(815301076,1909f56bfc062723c751e8b465ee728b)  -> (artifact id: 'b1ca419af7cca4d8bc8adfb568857621') in 0.063040 seconds
Number of updated asset objects reloaded before import = 0
Number of asset objects unloaded after import = 2
========================================================================
Received Import Request.
  Time since last request: 0.000032 seconds.
  path: Assets/Assets/Kamar/Gemini_Generated_Image_iul2o2iul2o2iul2.png
  artifactKey: Guid(23f6065d130c82c48b610ef80fa2ca0b) Importer(815301076,1909f56bfc062723c751e8b465ee728b)
Start importing Assets/Assets/Kamar/Gemini_Generated_Image_iul2o2iul2o2iul2.png using Guid(23f6065d130c82c48b610ef80fa2ca0b) Importer(815301076,1909f56bfc062723c751e8b465ee728b)  -> (artifact id: '8629ba7644c036f61dc20504cef55c5b') in 0.016563 seconds
Number of updated asset objects reloaded before import = 0
Number of asset objects unloaded after import = 2
========================================================================
Received Import Request.
  Time since last request: 0.000125 seconds.
  path: Assets/Assets/Kamar/Gemini_Generated_Image_aiilheaiilheaiil.png
  artifactKey: Guid(008ac8724c60bd6439203ecb3f9cdaa7) Importer(815301076,1909f56bfc062723c751e8b465ee728b)
Start importing Assets/Assets/Kamar/Gemini_Generated_Image_aiilheaiilheaiil.png using Guid(008ac8724c60bd6439203ecb3f9cdaa7) Importer(815301076,1909f56bfc062723c751e8b465ee728b)  -> (artifact id: '58eadef619e6879856ceb0fd74fca8cd') in 0.015547 seconds
Number of updated asset objects reloaded before import = 0
Number of asset objects unloaded after import = 2
========================================================================
Received Import Request.
  Time since last request: 0.000143 seconds.
  path: Assets/Assets/Kamar/Gemini_Generated_Image_y133v1y133v1y133.png
  artifactKey: Guid(7a73e26cf40f3be4b9d56d262d575e00) Importer(815301076,1909f56bfc062723c751e8b465ee728b)
Start importing Assets/Assets/Kamar/Gemini_Generated_Image_y133v1y133v1y133.png using Guid(7a73e26cf40f3be4b9d56d262d575e00) Importer(815301076,1909f56bfc062723c751e8b465ee728b)  -> (artifact id: 'b6561b3251c9ad377c2efc9a75ba4c37') in 0.019235 seconds
Number of updated asset objects reloaded before import = 0
Number of asset objects unloaded after import = 2
========================================================================
Received Import Request.
  Time since last request: 0.000085 seconds.
  path: Assets/Assets/Kamar/Untitled94_20260610230903.png
  artifactKey: Guid(01cc652e43eff5148b1670420eac9d92) Importer(815301076,1909f56bfc062723c751e8b465ee728b)
Start importing Assets/Assets/Kamar/Untitled94_20260610230903.png using Guid(01cc652e43eff5148b1670420eac9d92) Importer(815301076,1909f56bfc062723c751e8b465ee728b)  -> (artifact id: 'd7926f07241d1672e8d2604f88498f61') in 0.019567 seconds
Number of updated asset objects reloaded before import = 0
Number of asset objects unloaded after import = 2
========================================================================
Received Import Request.
  Time since last request: 9.894425 seconds.
  path: Assets/Assets/Kamar/Gemini_Generated_Image_64ban64ban64ban6.png
  artifactKey: Guid(5bb4125fa05f953419168839b4fc1aa9) Importer(815301076,1909f56bfc062723c751e8b465ee728b)
Start importing Assets/Assets/Kamar/Gemini_Generated_Image_64ban64ban64ban6.png using Guid(5bb4125fa05f953419168839b4fc1aa9) Importer(815301076,1909f56bfc062723c751e8b465ee728b)  -> (artifact id: '7ddcec36a8af1d2ae2887974de41d0f9') in 0.078789 seconds
Number of updated asset objects reloaded before import = 0
Number of asset objects unloaded after import = 3
========================================================================
Received Import Request.
  Time since last request: 0.000035 seconds.
  path: Assets/Assets/Kamar/Gemini_Generated_Image_bfs45fbfs45fbfs4.png
  artifactKey: Guid(a4320412811a3134ab7e9e5a3552c58f) Importer(815301076,1909f56bfc062723c751e8b465ee728b)
Start importing Assets/Assets/Kamar/Gemini_Generated_Image_bfs45fbfs45fbfs4.png using Guid(a4320412811a3134ab7e9e5a3552c58f) Importer(815301076,1909f56bfc062723c751e8b465ee728b)  -> (artifact id: '3af22d802ef9e5508a116f891d7e3b08') in 0.033717 seconds
Number of updated asset objects reloaded before import = 0
Number of asset objects unloaded after import = 3
========================================================================
Received Import Request.
  Time since last request: 0.000028 seconds.
  path: Assets/Assets/Kamar/Gemini_Generated_Image_iul2o2iul2o2iul2.png
  artifactKey: Guid(23f6065d130c82c48b610ef80fa2ca0b) Importer(815301076,1909f56bfc062723c751e8b465ee728b)
Start importing Assets/Assets/Kamar/Gemini_Generated_Image_iul2o2iul2o2iul2.png using Guid(23f6065d130c82c48b610ef80fa2ca0b) Importer(815301076,1909f56bfc062723c751e8b465ee728b)  -> (artifact id: '6c3f5f0ae5f1199b4e36a6521c9c1740') in 0.034476 seconds
Number of updated asset objects reloaded before import = 0
Number of asset objects unloaded after import = 3
========================================================================
Received Import Request.
  Time since last request: 0.000024 seconds.
  path: Assets/Assets/Kamar/Gemini_Generated_Image_dz4socdz4socdz4s.png
  artifactKey: Guid(745a181281d29f44abc4ad1604d71d56) Importer(815301076,1909f56bfc062723c751e8b465ee728b)
Start importing Assets/Assets/Kamar/Gemini_Generated_Image_dz4socdz4socdz4s.png using Guid(745a181281d29f44abc4ad1604d71d56) Importer(815301076,1909f56bfc062723c751e8b465ee728b)  -> (artifact id: '00d985e7bce5491e6a51bab0ef76e3fe') in 0.026399 seconds
Number of updated asset objects reloaded before import = 0
Number of asset objects unloaded after import = 3
========================================================================
Received Import Request.
  Time since last request: 0.000026 seconds.
  path: Assets/Assets/Kamar/Untitled94_20260609101116.png
  artifactKey: Guid(d1bc3e8ccbfb0424797eef2175f4fbc8) Importer(815301076,1909f56bfc062723c751e8b465ee728b)
Start importing Assets/Assets/Kamar/Untitled94_20260609101116.png using Guid(d1bc3e8ccbfb0424797eef2175f4fbc8) Importer(815301076,1909f56bfc062723c751e8b465ee728b)  -> (artifact id: '6feed610ee8bd1a039f9a3e5084da550') in 0.026085 seconds
Number of updated asset objects reloaded before import = 0
Number of asset objects unloaded after import = 3
========================================================================
Received Import Request.
  Time since last request: 56.973486 seconds.
  path: Assets/Assets/Kamar/Untitled94_20260610230821.png
  artifactKey: Guid(67fe25d977e3b854fa0b7593c1b0052d) Importer(815301076,1909f56bfc062723c751e8b465ee728b)
Start importing Assets/Assets/Kamar/Untitled94_20260610230821.png using Guid(67fe25d977e3b854fa0b7593c1b0052d) Importer(815301076,1909f56bfc062723c751e8b465ee728b)  -> (artifact id: 'ef753e8b0e8e56402464fa173392a823') in 0.022525 seconds
Number of updated asset objects reloaded before import = 0
Number of asset objects unloaded after import = 2
========================================================================
Received Import Request.
  Time since last request: 6.955063 seconds.
  path: Assets/Assets/Kamar/Untitled94_20260610230821.png
  artifactKey: Guid(67fe25d977e3b854fa0b7593c1b0052d) Importer(815301076,1909f56bfc062723c751e8b465ee728b)
Start importing Assets/Assets/Kamar/Untitled94_20260610230821.png using Guid(67fe25d977e3b854fa0b7593c1b0052d) Importer(815301076,1909f56bfc062723c751e8b465ee728b)  -> (artifact id: '4be8a462aa696b0e90e7ea68b025a938') in 0.021720 seconds
Number of updated asset objects reloaded before import = 0
Number of asset objects unloaded after import = 3
========================================================================
Received Import Request.
  Time since last request: 1106.403644 seconds.
  path: Assets/Scenes/SampleScene.unity
  artifactKey: Guid(9fc0d4010bbf28b4594072e72b8655ab) Importer(2089858483,0ecaa5967403d082aa24f35e1b516d23)
Start importing Assets/Scenes/SampleScene.unity using Guid(9fc0d4010bbf28b4594072e72b8655ab) Importer(2089858483,0ecaa5967403d082aa24f35e1b516d23) Generated GUIDs only implemented for interfaces!
 -> (artifact id: 'ef3f9a4ab16a59948da0a4eac46fb5db') in 0.131631 seconds
Number of updated asset objects reloaded before import = 0
Number of asset objects unloaded after import = 1
========================================================================
Received Import Request.
  Time since last request: 0.000027 seconds.
  path: Assets/Assets/Kamar/Untitled94_20260610230821.png
  artifactKey: Guid(67fe25d977e3b854fa0b7593c1b0052d) Importer(2089858483,0ecaa5967403d082aa24f35e1b516d23)
Start importing Assets/Assets/Kamar/Untitled94_20260610230821.png using Guid(67fe25d977e3b854fa0b7593c1b0052d) Importer(2089858483,0ecaa5967403d082aa24f35e1b516d23) Generated GUIDs only implemented for interfaces!
 -> (artifact id: '08cb8522196fa776b4871cf0fcb2aa35') in 0.122881 seconds
Number of updated asset objects reloaded before import = 0
Number of asset objects unloaded after import = 3
========================================================================
Received Import Request.
  Time since last request: 0.000038 seconds.
  path: Assets/Assets/Kamar/Gemini_Generated_Image_aiilheaiilheaiil.png
  artifactKey: Guid(008ac8724c60bd6439203ecb3f9cdaa7) Importer(2089858483,0ecaa5967403d082aa24f35e1b516d23)
Start importing Assets/Assets/Kamar/Gemini_Generated_Image_aiilheaiilheaiil.png using Guid(008ac8724c60bd6439203ecb3f9cdaa7) Importer(2089858483,0ecaa5967403d082aa24f35e1b516d23) Generated GUIDs only implemented for interfaces!
 -> (artifact id: '3af85c4a4cc5bc5f7d602c973ea82a92') in 0.043992 seconds
Number of updated asset objects reloaded before import = 0
Number of asset objects unloaded after import = 3
========================================================================
Received Import Request.
  Time since last request: 0.000030 seconds.
  path: Assets/Assets/Kamar/Gemini_Generated_Image_y133v1y133v1y133.png
  artifactKey: Guid(7a73e26cf40f3be4b9d56d262d575e00) Importer(2089858483,0ecaa5967403d082aa24f35e1b516d23)
Start importing Assets/Assets/Kamar/Gemini_Generated_Image_y133v1y133v1y133.png using Guid(7a73e26cf40f3be4b9d56d262d575e00) Importer(2089858483,0ecaa5967403d082aa24f35e1b516d23) Generated GUIDs only implemented for interfaces!
 -> (artifact id: '309a3f8fad6c84f3638fafaa9d5519e0') in 0.049204 seconds
Number of updated asset objects reloaded before import = 0
Number of asset objects unloaded after import = 3
========================================================================
Received Import Request.
  Time since last request: 0.000026 seconds.
  path: Assets/Assets/Kamar/Gemini_Generated_Image_67cwgz67cwgz67cw.png
  artifactKey: Guid(f93554a121cd1ce45a80c1bcd252d7ee) Importer(2089858483,0ecaa5967403d082aa24f35e1b516d23)
Start importing Assets/Assets/Kamar/Gemini_Generated_Image_67cwgz67cwgz67cw.png using Guid(f93554a121cd1ce45a80c1bcd252d7ee) Importer(2089858483,0ecaa5967403d082aa24f35e1b516d23) Generated GUIDs only implemented for interfaces!
 -> (artifact id: '4aeab8ba97faded28581f078805011eb') in 0.043389 seconds
Number of updated asset objects reloaded before import = 0
Number of asset objects unloaded after import = 3
========================================================================
Received Import Request.
  Time since last request: 0.000026 seconds.
  path: Assets/Assets/Kamar/Untitled94_20260609101116.png
  artifactKey: Guid(d1bc3e8ccbfb0424797eef2175f4fbc8) Importer(2089858483,0ecaa5967403d082aa24f35e1b516d23)
Start importing Assets/Assets/Kamar/Untitled94_20260609101116.png using Guid(d1bc3e8ccbfb0424797eef2175f4fbc8) Importer(2089858483,0ecaa5967403d082aa24f35e1b516d23) Generated GUIDs only implemented for interfaces!
 -> (artifact id: 'b1173331f28d854c2d24c87ce79f766a') in 0.041805 seconds
Number of updated asset objects reloaded before import = 0
Number of asset objects unloaded after import = 3
