Using pre-set license
Built from '2022.3/staging' branch; Version is '2022.3.6f1 (b9e6e7e9fa2d) revision 12183271'; Using compiler version '192829333'; Build Type 'Release'
OS: 'Windows 11  (10.0.22621) 64bit Professional' Language: 'en' Physical Memory: 32601 MB
BatchMode: 1, IsHumanControllingUs: 0, StartBugReporterOnCrash: 0, Is64bit: 1, IsPro: 1

COMMAND LINE ARGUMENTS:
D:\Program Files\Unity 2022.3.6f1\Editor\Unity.exe
-adb2
-batchMode
-noUpm
-name
AssetImportWorker1
-projectPath
D:/KULIAH/Game Programming/Project/TUBES
-logFile
Logs/AssetImportWorker1.log
-srvPort
57323
Successfully changed project path to: D:/KULIAH/Game Programming/Project/TUBES
D:/KULIAH/Game Programming/Project/TUBES
[UnityMemory] Configuration Parameters - Can be set up in boot.config
    "memorysetup-bucket-allocator-granularity=16"
    "memorysetup-bucket-allocator-bucket-count=8"
    "memorysetup-bucket-allocator-block-size=33554432"
    "memorysetup-bucket-allocator-block-count=8"
    "memorysetup-main-allocator-block-size=16777216"
    "memorysetup-thread-allocator-block-size=16777216"
    "memorysetup-gfx-main-allocator-block-size=16777216"
    "memorysetup-gfx-thread-allocator-block-size=16777216"
    "memorysetup-cache-allocator-block-size=4194304"
    "memorysetup-typetree-allocator-block-size=2097152"
    "memorysetup-profiler-bucket-allocator-granularity=16"
    "memorysetup-profiler-bucket-allocator-bucket-count=8"
    "memorysetup-profiler-bucket-allocator-block-size=33554432"
    "memorysetup-profiler-bucket-allocator-block-count=8"
    "memorysetup-profiler-allocator-block-size=16777216"
    "memorysetup-profiler-editor-allocator-block-size=1048576"
    "memorysetup-temp-allocator-size-main=16777216"
    "memorysetup-job-temp-allocator-block-size=2097152"
    "memorysetup-job-temp-allocator-block-size-background=1048576"
    "memorysetup-job-temp-allocator-reduction-small-platforms=262144"
    "memorysetup-allocator-temp-initial-block-size-main=262144"
    "memorysetup-allocator-temp-initial-block-size-worker=262144"
    "memorysetup-temp-allocator-size-background-worker=32768"
    "memorysetup-temp-allocator-size-job-worker=262144"
    "memorysetup-temp-allocator-size-preload-manager=33554432"
    "memorysetup-temp-allocator-size-nav-mesh-worker=65536"
    "memorysetup-temp-allocator-size-audio-worker=65536"
    "memorysetup-temp-allocator-size-cloud-worker=32768"
    "memorysetup-temp-allocator-size-gi-baking-worker=262144"
    "memorysetup-temp-allocator-size-gfx=262144"
Player connection [4104] Host "[IP] 192.168.56.1 [Port] 0 [Flags] 2 [Guid] 1451541613 [EditorId] 1451541613 [Version] 1048832 [Id] WindowsEditor(7,Khumaira) [Debug] 1 [PackageName] WindowsEditor [ProjectName] Editor" joined multi-casting on [225.0.0.222:54997]...

Player connection [4104] Host "[IP] 192.168.56.1 [Port] 0 [Flags] 2 [Guid] 1451541613 [EditorId] 1451541613 [Version] 1048832 [Id] WindowsEditor(7,Khumaira) [Debug] 1 [PackageName] WindowsEditor [ProjectName] Editor" joined alternative multi-casting on [225.0.0.222:34997]...

Refreshing native plugins compatible for Editor in 3895.17 ms, found 4 plugins.
Preloading 0 native plugins for Editor in 0.00 ms.
Initialize engine version: 2022.3.6f1 (b9e6e7e9fa2d)
[Subsystems] Discovering subsystems at path D:/Program Files/Unity 2022.3.6f1/Editor/Data/Resources/UnitySubsystems
[Subsystems] Discovering subsystems at path D:/KULIAH/Game Programming/Project/TUBES/Assets
GfxDevice: creating device client; threaded=0; jobified=0
Direct3D:
    Version:  Direct3D 11.0 [level 11.1]
    Renderer: Intel(R) UHD Graphics 620 (ID=0x5917)
    Vendor:   Intel
    VRAM:     16300 MB
    Driver:   31.0.101.2134
Initialize mono
Mono path[0] = 'D:/Program Files/Unity 2022.3.6f1/Editor/Data/Managed'
Mono path[1] = 'D:/Program Files/Unity 2022.3.6f1/Editor/Data/MonoBleedingEdge/lib/mono/unityjit-win32'
Mono config path = 'D:/Program Files/Unity 2022.3.6f1/Editor/Data/MonoBleedingEdge/etc'
Using monoOptions --debugger-agent=transport=dt_socket,embedding=1,server=y,suspend=n,address=127.0.0.1:56064
Begin MonoManager ReloadAssembly
Registering precompiled unity dll's ...
Register platform support module: D:/Program Files/Unity 2022.3.6f1/Editor/Data/PlaybackEngines/WindowsStandaloneSupport/UnityEditor.WindowsStandalone.Extensions.dll
Registered in 0.434994 seconds.
- Loaded All Assemblies, in 12.643 seconds
Native extension for WindowsStandalone target not found
Mono: successfully reloaded assembly
- Finished resetting the current domain, in  0.682 seconds
Domain Reload Profiling: 13328ms
	BeginReloadAssembly (8475ms)
		ExecutionOrderSort (0ms)
		DisableScriptedObjects (0ms)
		BackupInstance (0ms)
		ReleaseScriptingObjects (0ms)
		CreateAndSetChildDomain (1ms)
	RebuildCommonClasses (898ms)
	RebuildNativeTypeToScriptingClass (17ms)
	initialDomainReloadingComplete (521ms)
	LoadAllAssembliesAndSetupDomain (2731ms)
		LoadAssemblies (8475ms)
		RebuildTransferFunctionScriptingTraits (0ms)
		AnalyzeDomain (2726ms)
			TypeCache.Refresh (2725ms)
				TypeCache.ScanAssembly (1899ms)
			ScanForSourceGeneratedMonoScriptInfo (0ms)
			ResolveRequiredComponents (1ms)
	FinalizeReload (685ms)
		ReleaseScriptCaches (0ms)
		RebuildScriptCaches (0ms)
		SetupLoadedEditorAssemblies (556ms)
			LogAssemblyErrors (0ms)
			InitializePlatformSupportModulesInManaged (12ms)
			SetLoadedEditorAssemblies (13ms)
			RefreshPlugins (0ms)
			BeforeProcessingInitializeOnLoad (4ms)
			ProcessInitializeOnLoadAttributes (354ms)
			ProcessInitializeOnLoadMethodAttributes (173ms)
			AfterProcessingInitializeOnLoad (0ms)
			EditorAssembliesLoaded (0ms)
		ExecutionOrderSort2 (0ms)
		AwakeInstancesAfterBackupRestoration (0ms)
========================================================================
Worker process is ready to serve import requests
Begin MonoManager ReloadAssembly
Symbol file LoadedFromMemory doesn't match image D:\KULIAH\Game Programming\Project\TUBES\Library\PackageCache\com.unity.visualscripting@1.8.0\Editor\VisualScripting.Core\Dependencies\YamlDotNet\Unity.VisualScripting.YamlDotNet.dll
Symbol file LoadedFromMemory doesn't match image D:\KULIAH\Game Programming\Project\TUBES\Library\PackageCache\com.unity.visualscripting@1.8.0\Editor\VisualScripting.Core\Dependencies\DotNetZip\Unity.VisualScripting.IonicZip.dll
TypeRef ResolutionScope not yet handled (217) for .IMergeView in image D:\KULIAH\Game Programming\Project\TUBES\Library\ScriptAssemblies\Unity.PlasticSCM.Editor.dll
Unloading broken assembly Library/ScriptAssemblies/Unity.PlasticSCM.Editor.dll, this assembly can cause crashes in the runtime
- Loaded All Assemblies, in  9.671 seconds
Refreshing native plugins compatible for Editor in 5.12 ms, found 4 plugins.
Native extension for WindowsStandalone target not found
Mono: successfully reloaded assembly
- Finished resetting the current domain, in  0.466 seconds
Domain Reload Profiling: 10136ms
	BeginReloadAssembly (231ms)
		ExecutionOrderSort (0ms)
		DisableScriptedObjects (10ms)
		BackupInstance (0ms)
		ReleaseScriptingObjects (0ms)
		CreateAndSetChildDomain (34ms)
	RebuildCommonClasses (66ms)
	RebuildNativeTypeToScriptingClass (25ms)
	initialDomainReloadingComplete (72ms)
	LoadAllAssembliesAndSetupDomain (9275ms)
		LoadAssemblies (8942ms)
		RebuildTransferFunctionScriptingTraits (0ms)
		AnalyzeDomain (460ms)
			TypeCache.Refresh (439ms)
				TypeCache.ScanAssembly (426ms)
			ScanForSourceGeneratedMonoScriptInfo (17ms)
			ResolveRequiredComponents (4ms)
	FinalizeReload (466ms)
		ReleaseScriptCaches (0ms)
		RebuildScriptCaches (0ms)
		SetupLoadedEditorAssemblies (294ms)
			LogAssemblyErrors (0ms)
			InitializePlatformSupportModulesInManaged (5ms)
			SetLoadedEditorAssemblies (5ms)
			RefreshPlugins (0ms)
			BeforeProcessingInitializeOnLoad (63ms)
			ProcessInitializeOnLoadAttributes (194ms)
			ProcessInitializeOnLoadMethodAttributes (23ms)
			AfterProcessingInitializeOnLoad (3ms)
			EditorAssembliesLoaded (0ms)
		ExecutionOrderSort2 (0ms)
		AwakeInstancesAfterBackupRestoration (9ms)
Launched and connected shader compiler UnityShaderCompiler.exe after 0.10 seconds
Refreshing native plugins compatible for Editor in 4.91 ms, found 4 plugins.
Preloading 0 native plugins for Editor in 0.00 ms.
Unloading 3519 Unused Serialized files (Serialized files now loaded: 0)
Unloading 37 unused Assets / (60.4 KB). Loaded Objects now: 3973.
Memory consumption went from 124.2 MB to 124.2 MB.
Total: 3.905200 ms (FindLiveObjects: 0.454100 ms CreateObjectMapping: 0.362300 ms MarkObjects: 2.953300 ms  DeleteObjects: 0.134400 ms)

AssetImportParameters requested are different than current active one (requested -> active):
  custom:container-demuxer-ogg: 62fdf1f143b41e24485cea50d1cbac27 -> 
  custom:scripting/precompiled-assembly-types:Unity.PlasticSCM.Editor: 1ef1cb9af7c7d64bd75bd621bba19cd7 -> 
  custom:video-codec-MediaFoundation-h265: 746d11721c4dcdbdad8f713fa42b33f4 -> 
  custom:video-decoder-ogg-theora: a1e56fd34408186e4bbccfd4996cb3dc -> 
  custom:framework-win-MediaFoundation: 216162199b28c13a410421893ffa2e32 -> 
  custom:CustomObjectIndexerAttribute: 756ad292c208cfabdd7b50bc23989ffe -> 
  custom:container-demuxer-webm: 4f35f7cbe854078d1ac9338744f61a02 -> 
  custom:container-muxer-webm: aa71ff27fc2769a1b78a27578f13a17b -> 
  custom:video-decoder-webm-vp8: 9c59270c3fd7afecdb556c50c9e8de78 -> 
  custom:SearchIndexIgnoredProperties: e643bd26f0fe6173181afceb89e7c659 -> 
  custom:AudioImporter_EditorPlatform: d09bf68614088b80899f8185d706f6e7 -> 
  custom:video-encoder-webm-vp8: eb34c28f22e8b96e1ab97ce403110664 -> 
  custom:audio-decoder-ogg-vorbis: bf7c407c2cedff20999df2af8eb42d56 -> 
  custom:audio-encoder-webm-vorbis: bf7c407c2cedff20999df2af8eb42d56 -> 
  custom:scripting/precompiled-assembly-types:unityplastic: c88b43b34128fd408eae2a5e7f1e6a51 -> 77e94f2abcdaa3aa9b67c26e12a2f45d
  custom:scripting/precompiled-assembly-types:Onigwrap:  -> 39f07d0dafb82c63a63f5c12698bfc3c
  custom:scripting/precompiled-assembly-types:TextMateSharp:  -> 902bea8a06822099c02ec064cd3f92f7
  custom:scripting/precompiled-assembly-types:TextMateSharp.Grammars:  -> 60389e8606e605b8f2d197ff1a0f8eff
========================================================================
Received Import Request.
  Time since last request: 10496.046919 seconds.
  path: Assets/Assets/Kamar/Gemini_Generated_Image_bfs45fbfs45fbfs4.png
  artifactKey: Guid(a4320412811a3134ab7e9e5a3552c58f) Importer(815301076,1909f56bfc062723c751e8b465ee728b)
Start importing Assets/Assets/Kamar/Gemini_Generated_Image_bfs45fbfs45fbfs4.png using Guid(a4320412811a3134ab7e9e5a3552c58f) Importer(815301076,1909f56bfc062723c751e8b465ee728b)  -> (artifact id: '22b389532156dcc1eb1f7f3f3f88f5d0') in 0.059808 seconds
Number of updated asset objects reloaded before import = 0
Number of asset objects unloaded after import = 2
========================================================================
Received Import Request.
  Time since last request: 0.000041 seconds.
  path: Assets/Assets/Kamar/Gemini_Generated_Image_fcrw6ofcrw6ofcrw.png
  artifactKey: Guid(6c81decd5a6df644f97db9e9e5669f35) Importer(815301076,1909f56bfc062723c751e8b465ee728b)
Start importing Assets/Assets/Kamar/Gemini_Generated_Image_fcrw6ofcrw6ofcrw.png using Guid(6c81decd5a6df644f97db9e9e5669f35) Importer(815301076,1909f56bfc062723c751e8b465ee728b)  -> (artifact id: 'c8d576372993cea894398ed2cb00ba82') in 0.017394 seconds
Number of updated asset objects reloaded before import = 0
Number of asset objects unloaded after import = 2
========================================================================
Received Import Request.
  Time since last request: 0.000144 seconds.
  path: Assets/Assets/Kamar/Gemini_Generated_Image_64ban64ban64ban6.png
  artifactKey: Guid(5bb4125fa05f953419168839b4fc1aa9) Importer(815301076,1909f56bfc062723c751e8b465ee728b)
Start importing Assets/Assets/Kamar/Gemini_Generated_Image_64ban64ban64ban6.png using Guid(5bb4125fa05f953419168839b4fc1aa9) Importer(815301076,1909f56bfc062723c751e8b465ee728b)  -> (artifact id: '6d3cf6ea984d4e401eca6ec08856f1e8') in 0.015371 seconds
Number of updated asset objects reloaded before import = 0
Number of asset objects unloaded after import = 2
========================================================================
Received Import Request.
  Time since last request: 0.000021 seconds.
  path: Assets/Assets/Kamar/Gemini_Generated_Image_dz4socdz4socdz4s.png
  artifactKey: Guid(745a181281d29f44abc4ad1604d71d56) Importer(815301076,1909f56bfc062723c751e8b465ee728b)
Start importing Assets/Assets/Kamar/Gemini_Generated_Image_dz4socdz4socdz4s.png using Guid(745a181281d29f44abc4ad1604d71d56) Importer(815301076,1909f56bfc062723c751e8b465ee728b)  -> (artifact id: 'a72d68e38571a573943e6fcae42cd8d8') in 0.016206 seconds
Number of updated asset objects reloaded before import = 0
Number of asset objects unloaded after import = 2
========================================================================
Received Import Request.
  Time since last request: 0.000027 seconds.
  path: Assets/Assets/Kamar/Untitled94_20260609101116.png
  artifactKey: Guid(d1bc3e8ccbfb0424797eef2175f4fbc8) Importer(815301076,1909f56bfc062723c751e8b465ee728b)
Start importing Assets/Assets/Kamar/Untitled94_20260609101116.png using Guid(d1bc3e8ccbfb0424797eef2175f4fbc8) Importer(815301076,1909f56bfc062723c751e8b465ee728b)  -> (artifact id: '2dcfb6d3948151ae63660967f51b4ae8') in 0.022087 seconds
Number of updated asset objects reloaded before import = 0
Number of asset objects unloaded after import = 2
========================================================================
Received Import Request.
  Time since last request: 9.899887 seconds.
  path: Assets/Assets/Kamar/Gemini_Generated_Image_67cwgz67cwgz67cw.png
  artifactKey: Guid(f93554a121cd1ce45a80c1bcd252d7ee) Importer(815301076,1909f56bfc062723c751e8b465ee728b)
Start importing Assets/Assets/Kamar/Gemini_Generated_Image_67cwgz67cwgz67cw.png using Guid(f93554a121cd1ce45a80c1bcd252d7ee) Importer(815301076,1909f56bfc062723c751e8b465ee728b)  -> (artifact id: '336b9a205602bc698d7ff5d0b13a1536') in 0.085946 seconds
Number of updated asset objects reloaded before import = 0
Number of asset objects unloaded after import = 3
========================================================================
Received Import Request.
  Time since last request: 0.000021 seconds.
  path: Assets/Assets/Kamar/Gemini_Generated_Image_fcrw6ofcrw6ofcrw.png
  artifactKey: Guid(6c81decd5a6df644f97db9e9e5669f35) Importer(815301076,1909f56bfc062723c751e8b465ee728b)
Start importing Assets/Assets/Kamar/Gemini_Generated_Image_fcrw6ofcrw6ofcrw.png using Guid(6c81decd5a6df644f97db9e9e5669f35) Importer(815301076,1909f56bfc062723c751e8b465ee728b)  -> (artifact id: '02f234690fd906fda4cf7b713f7a9d67') in 0.031319 seconds
Number of updated asset objects reloaded before import = 0
Number of asset objects unloaded after import = 3
========================================================================
Received Import Request.
  Time since last request: 0.000026 seconds.
  path: Assets/Assets/Kamar/Gemini_Generated_Image_aiilheaiilheaiil.png
  artifactKey: Guid(008ac8724c60bd6439203ecb3f9cdaa7) Importer(815301076,1909f56bfc062723c751e8b465ee728b)
Start importing Assets/Assets/Kamar/Gemini_Generated_Image_aiilheaiilheaiil.png using Guid(008ac8724c60bd6439203ecb3f9cdaa7) Importer(815301076,1909f56bfc062723c751e8b465ee728b)  -> (artifact id: '4c1a3bb73adc27176da6843cf908406e') in 0.035090 seconds
Number of updated asset objects reloaded before import = 0
Number of asset objects unloaded after import = 3
========================================================================
Received Import Request.
  Time since last request: 0.000054 seconds.
  path: Assets/Assets/Kamar/Gemini_Generated_Image_y133v1y133v1y133.png
  artifactKey: Guid(7a73e26cf40f3be4b9d56d262d575e00) Importer(815301076,1909f56bfc062723c751e8b465ee728b)
Start importing Assets/Assets/Kamar/Gemini_Generated_Image_y133v1y133v1y133.png using Guid(7a73e26cf40f3be4b9d56d262d575e00) Importer(815301076,1909f56bfc062723c751e8b465ee728b)  -> (artifact id: 'dc45249d6ed74f1eb09a2a71b991f60d') in 0.028109 seconds
Number of updated asset objects reloaded before import = 0
Number of asset objects unloaded after import = 3
========================================================================
Received Import Request.
  Time since last request: 0.000049 seconds.
  path: Assets/Assets/Kamar/Untitled94_20260610230903.png
  artifactKey: Guid(01cc652e43eff5148b1670420eac9d92) Importer(815301076,1909f56bfc062723c751e8b465ee728b)
Start importing Assets/Assets/Kamar/Untitled94_20260610230903.png using Guid(01cc652e43eff5148b1670420eac9d92) Importer(815301076,1909f56bfc062723c751e8b465ee728b)  -> (artifact id: 'e0ceab8dc81bcef4b884f14c2d2bdb4a') in 0.028043 seconds
Number of updated asset objects reloaded before import = 0
Number of asset objects unloaded after import = 3
========================================================================
Received Import Request.
  Time since last request: 1170.368589 seconds.
  path: Assets/Scenes/TKP.unity
  artifactKey: Guid(4e2a2efa0da7b9148979d536df1b9cbb) Importer(2089858483,0ecaa5967403d082aa24f35e1b516d23)
Start importing Assets/Scenes/TKP.unity using Guid(4e2a2efa0da7b9148979d536df1b9cbb) Importer(2089858483,0ecaa5967403d082aa24f35e1b516d23) Generated GUIDs only implemented for interfaces!
 -> (artifact id: '13beaaae1cd2b62686bbfa806bff3782') in 0.138224 seconds
Number of updated asset objects reloaded before import = 0
Number of asset objects unloaded after import = 1
========================================================================
Received Import Request.
  Time since last request: 0.000069 seconds.
  path: Assets/Assets/Kamar/Untitled94_20260610230903.png
  artifactKey: Guid(01cc652e43eff5148b1670420eac9d92) Importer(2089858483,0ecaa5967403d082aa24f35e1b516d23)
Start importing Assets/Assets/Kamar/Untitled94_20260610230903.png using Guid(01cc652e43eff5148b1670420eac9d92) Importer(2089858483,0ecaa5967403d082aa24f35e1b516d23) Generated GUIDs only implemented for interfaces!
 -> (artifact id: 'fbf9c62bc3b7ce97cf16de156b65b837') in 0.118044 seconds
Number of updated asset objects reloaded before import = 0
Number of asset objects unloaded after import = 3
========================================================================
Received Import Request.
  Time since last request: 0.000033 seconds.
  path: Assets/Assets/Kamar/Gemini_Generated_Image_64ban64ban64ban6.png
  artifactKey: Guid(5bb4125fa05f953419168839b4fc1aa9) Importer(2089858483,0ecaa5967403d082aa24f35e1b516d23)
Start importing Assets/Assets/Kamar/Gemini_Generated_Image_64ban64ban64ban6.png using Guid(5bb4125fa05f953419168839b4fc1aa9) Importer(2089858483,0ecaa5967403d082aa24f35e1b516d23) Generated GUIDs only implemented for interfaces!
 -> (artifact id: '1befb122dc4524ea29b16ae68c77ebba') in 0.040662 seconds
Number of updated asset objects reloaded before import = 0
Number of asset objects unloaded after import = 3
========================================================================
Received Import Request.
  Time since last request: 0.000029 seconds.
  path: Assets/Assets/Kamar/Gemini_Generated_Image_iul2o2iul2o2iul2.png
  artifactKey: Guid(23f6065d130c82c48b610ef80fa2ca0b) Importer(2089858483,0ecaa5967403d082aa24f35e1b516d23)
Start importing Assets/Assets/Kamar/Gemini_Generated_Image_iul2o2iul2o2iul2.png using Guid(23f6065d130c82c48b610ef80fa2ca0b) Importer(2089858483,0ecaa5967403d082aa24f35e1b516d23) Generated GUIDs only implemented for interfaces!
 -> (artifact id: '44680779af1245502f6d1fbd6d93ef46') in 0.044850 seconds
Number of updated asset objects reloaded before import = 0
Number of asset objects unloaded after import = 3
========================================================================
Received Import Request.
  Time since last request: 0.000062 seconds.
  path: Assets/Assets/Kamar/Gemini_Generated_Image_fcrw6ofcrw6ofcrw.png
  artifactKey: Guid(6c81decd5a6df644f97db9e9e5669f35) Importer(2089858483,0ecaa5967403d082aa24f35e1b516d23)
Start importing Assets/Assets/Kamar/Gemini_Generated_Image_fcrw6ofcrw6ofcrw.png using Guid(6c81decd5a6df644f97db9e9e5669f35) Importer(2089858483,0ecaa5967403d082aa24f35e1b516d23) Generated GUIDs only implemented for interfaces!
 -> (artifact id: '467768d0d8428a9472879297375e7a60') in 0.037574 seconds
Number of updated asset objects reloaded before import = 0
Number of asset objects unloaded after import = 3
========================================================================
Received Import Request.
  Time since last request: 0.000027 seconds.
  path: Assets/Assets/Kamar/Gemini_Generated_Image_dz4socdz4socdz4s.png
  artifactKey: Guid(745a181281d29f44abc4ad1604d71d56) Importer(2089858483,0ecaa5967403d082aa24f35e1b516d23)
Start importing Assets/Assets/Kamar/Gemini_Generated_Image_dz4socdz4socdz4s.png using Guid(745a181281d29f44abc4ad1604d71d56) Importer(2089858483,0ecaa5967403d082aa24f35e1b516d23) Generated GUIDs only implemented for interfaces!
 -> (artifact id: '67db18871cf2fb3a02cc020e4aff9818') in 0.040831 seconds
Number of updated asset objects reloaded before import = 0
Number of asset objects unloaded after import = 3
========================================================================
Received Import Request.
  Time since last request: 0.000022 seconds.
  path: Assets/Assets/Kamar/Gemini_Generated_Image_bfs45fbfs45fbfs4.png
  artifactKey: Guid(a4320412811a3134ab7e9e5a3552c58f) Importer(2089858483,0ecaa5967403d082aa24f35e1b516d23)
Start importing Assets/Assets/Kamar/Gemini_Generated_Image_bfs45fbfs45fbfs4.png using Guid(a4320412811a3134ab7e9e5a3552c58f) Importer(2089858483,0ecaa5967403d082aa24f35e1b516d23) Generated GUIDs only implemented for interfaces!
 -> (artifact id: '86b7b7da941e32423fd53aaf596a573c') in 0.035912 seconds
Number of updated asset objects reloaded before import = 0
Number of asset objects unloaded after import = 3
